mode: atomic
github.com/komish/cmd-operator-dev/controllers/certmanagerdeployment/status.go:32.56,34.45 2 0
github.com/komish/cmd-operator-dev/controllers/certmanagerdeployment/status.go:40.2,40.12 1 0
github.com/komish/cmd-operator-dev/controllers/certmanagerdeployment/status.go:34.45,35.9 1 0
github.com/komish/cmd-operator-dev/controllers/certmanagerdeployment/status.go:35.9,37.4 1 0
github.com/komish/cmd-operator-dev/controllers/certmanagerdeployment/status.go:45.65,47.43 2 0
github.com/komish/cmd-operator-dev/controllers/certmanagerdeployment/status.go:53.2,53.12 1 0
github.com/komish/cmd-operator-dev/controllers/certmanagerdeployment/status.go:47.43,48.9 1 0
github.com/komish/cmd-operator-dev/controllers/certmanagerdeployment/status.go:48.9,50.4 1 0
github.com/komish/cmd-operator-dev/controllers/certmanagerdeployment/status.go:58.77,60.2 1 0
github.com/komish/cmd-operator-dev/controllers/certmanagerdeployment/status.go:73.46,75.40 2 0
github.com/komish/cmd-operator-dev/controllers/certmanagerdeployment/status.go:81.2,81.12 1 0
github.com/komish/cmd-operator-dev/controllers/certmanagerdeployment/status.go:75.40,76.9 1 0
github.com/komish/cmd-operator-dev/controllers/certmanagerdeployment/status.go:76.9,78.4 1 0
github.com/komish/cmd-operator-dev/controllers/certmanagerdeployment/status.go:86.48,88.41 2 0
github.com/komish/cmd-operator-dev/controllers/certmanagerdeployment/status.go:94.2,94.12 1 0
github.com/komish/cmd-operator-dev/controllers/certmanagerdeployment/status.go:88.41,89.9 1 0
github.com/komish/cmd-operator-dev/controllers/certmanagerdeployment/status.go:89.9,91.4 1 0
github.com/komish/cmd-operator-dev/controllers/certmanagerdeployment/status.go:99.63,101.2 1 0
github.com/komish/cmd-operator-dev/controllers/certmanagerdeployment/status.go:105.99,111.2 1 0
github.com/komish/cmd-operator-dev/controllers/certmanagerdeployment/status.go:115.87,117.41 2 0
github.com/komish/cmd-operator-dev/controllers/certmanagerdeployment/status.go:122.2,124.53 1 0
github.com/komish/cmd-operator-dev/controllers/certmanagerdeployment/status.go:129.2,129.70 1 0
github.com/komish/cmd-operator-dev/controllers/certmanagerdeployment/status.go:117.41,120.3 2 0
github.com/komish/cmd-operator-dev/controllers/certmanagerdeployment/status.go:124.53,126.3 1 0
github.com/komish/cmd-operator-dev/controllers/certmanagerdeployment/status.go:134.98,136.35 2 0
github.com/komish/cmd-operator-dev/controllers/certmanagerdeployment/status.go:157.2,159.46 1 0
github.com/komish/cmd-operator-dev/controllers/certmanagerdeployment/status.go:163.2,163.70 1 0
github.com/komish/cmd-operator-dev/controllers/certmanagerdeployment/status.go:136.35,142.40 3 0
github.com/komish/cmd-operator-dev/controllers/certmanagerdeployment/status.go:154.3,155.70 2 0
github.com/komish/cmd-operator-dev/controllers/certmanagerdeployment/status.go:142.40,143.26 1 0
github.com/komish/cmd-operator-dev/controllers/certmanagerdeployment/status.go:144.23,145.56 1 0
github.com/komish/cmd-operator-dev/controllers/certmanagerdeployment/status.go:148.25,149.56 1 0
github.com/komish/cmd-operator-dev/controllers/certmanagerdeployment/status.go:145.56,147.6 1 0
github.com/komish/cmd-operator-dev/controllers/certmanagerdeployment/status.go:149.56,151.6 1 0
github.com/komish/cmd-operator-dev/controllers/certmanagerdeployment/status.go:159.46,161.3 1 0
github.com/komish/cmd-operator-dev/controllers/certmanagerdeployment/status.go:168.183,174.2 2 0
github.com/komish/cmd-operator-dev/controllers/certmanagerdeployment/status.go:182.72,192.28 3 0
github.com/komish/cmd-operator-dev/controllers/certmanagerdeployment/status.go:196.2,196.8 1 0
github.com/komish/cmd-operator-dev/controllers/certmanagerdeployment/status.go:200.2,206.17 4 0
github.com/komish/cmd-operator-dev/controllers/certmanagerdeployment/status.go:192.28,194.3 1 0
github.com/komish/cmd-operator-dev/controllers/certmanagerdeployment/status.go:196.8,198.3 1 0
github.com/komish/cmd-operator-dev/controllers/certmanagerdeployment/status.go:215.72,224.25 3 0
github.com/komish/cmd-operator-dev/controllers/certmanagerdeployment/status.go:228.2,228.8 1 0
github.com/komish/cmd-operator-dev/controllers/certmanagerdeployment/status.go:232.2,238.17 4 0
github.com/komish/cmd-operator-dev/controllers/certmanagerdeployment/status.go:224.25,226.3 1 0
github.com/komish/cmd-operator-dev/controllers/certmanagerdeployment/status.go:228.8,230.3 1 0
github.com/komish/cmd-operator-dev/controllers/certmanagerdeployment/status.go:245.130,250.45 4 0
github.com/komish/cmd-operator-dev/controllers/certmanagerdeployment/status.go:267.2,269.29 2 0
github.com/komish/cmd-operator-dev/controllers/certmanagerdeployment/status.go:250.45,253.17 3 0
github.com/komish/cmd-operator-dev/controllers/certmanagerdeployment/status.go:263.3,263.57 1 0
github.com/komish/cmd-operator-dev/controllers/certmanagerdeployment/status.go:253.17,254.30 1 0
github.com/komish/cmd-operator-dev/controllers/certmanagerdeployment/status.go:254.30,256.13 1 0
github.com/komish/cmd-operator-dev/controllers/certmanagerdeployment/status.go:257.10,260.5 2 0
github.com/komish/cmd-operator-dev/controllers/certmanagerdeployment/status.go:276.144,281.16 4 0
github.com/komish/cmd-operator-dev/controllers/certmanagerdeployment/status.go:287.2,287.35 1 0
github.com/komish/cmd-operator-dev/controllers/certmanagerdeployment/status.go:304.2,306.22 2 0
github.com/komish/cmd-operator-dev/controllers/certmanagerdeployment/status.go:281.16,285.3 1 0
github.com/komish/cmd-operator-dev/controllers/certmanagerdeployment/status.go:287.35,290.17 3 0
github.com/komish/cmd-operator-dev/controllers/certmanagerdeployment/status.go:300.3,300.43 1 0
github.com/komish/cmd-operator-dev/controllers/certmanagerdeployment/status.go:290.17,291.30 1 0
github.com/komish/cmd-operator-dev/controllers/certmanagerdeployment/status.go:291.30,293.13 1 0
github.com/komish/cmd-operator-dev/controllers/certmanagerdeployment/status.go:294.10,297.5 2 0
github.com/komish/cmd-operator-dev/controllers/certmanagerdeployment/status.go:311.168,317.72 4 0
github.com/komish/cmd-operator-dev/controllers/certmanagerdeployment/status.go:331.2,331.79 1 0
github.com/komish/cmd-operator-dev/controllers/certmanagerdeployment/status.go:345.2,345.39 1 0
github.com/komish/cmd-operator-dev/controllers/certmanagerdeployment/status.go:351.2,351.17 1 0
github.com/komish/cmd-operator-dev/controllers/certmanagerdeployment/status.go:317.72,318.95 1 0
github.com/komish/cmd-operator-dev/controllers/certmanagerdeployment/status.go:318.95,322.4 1 0
github.com/komish/cmd-operator-dev/controllers/certmanagerdeployment/status.go:322.9,322.54 1 0
github.com/komish/cmd-operator-dev/controllers/certmanagerdeployment/status.go:322.54,325.4 1 0
github.com/komish/cmd-operator-dev/controllers/certmanagerdeployment/status.go:326.8,329.3 1 0
github.com/komish/cmd-operator-dev/controllers/certmanagerdeployment/status.go:331.79,332.95 1 0
github.com/komish/cmd-operator-dev/controllers/certmanagerdeployment/status.go:332.95,336.4 1 0
github.com/komish/cmd-operator-dev/controllers/certmanagerdeployment/status.go:336.9,336.54 1 0
github.com/komish/cmd-operator-dev/controllers/certmanagerdeployment/status.go:336.54,339.4 1 0
github.com/komish/cmd-operator-dev/controllers/certmanagerdeployment/status.go:340.8,343.3 1 0
github.com/komish/cmd-operator-dev/controllers/certmanagerdeployment/status.go:345.39,347.3 1 0
github.com/komish/cmd-operator-dev/controllers/certmanagerdeployment/status.go:347.8,347.48 1 0
github.com/komish/cmd-operator-dev/controllers/certmanagerdeployment/status.go:347.48,349.3 1 0
github.com/komish/cmd-operator-dev/controllers/certmanagerdeployment/status.go:357.181,359.41 2 0
github.com/komish/cmd-operator-dev/controllers/certmanagerdeployment/status.go:370.2,371.17 2 0
github.com/komish/cmd-operator-dev/controllers/certmanagerdeployment/status.go:359.41,368.3 2 0
github.com/komish/cmd-operator-dev/controllers/certmanagerdeployment/status.go:377.192,379.35 2 0
github.com/komish/cmd-operator-dev/controllers/certmanagerdeployment/status.go:388.2,389.17 2 0
github.com/komish/cmd-operator-dev/controllers/certmanagerdeployment/status.go:379.35,386.3 2 0
github.com/komish/cmd-operator-dev/controllers/certmanagerdeployment/status.go:394.191,397.34 2 0
github.com/komish/cmd-operator-dev/controllers/certmanagerdeployment/status.go:401.2,401.10 1 0
github.com/komish/cmd-operator-dev/controllers/certmanagerdeployment/status.go:397.34,399.3 1 0
github.com/komish/cmd-operator-dev/controllers/certmanagerdeployment/customresourcedefinitions.go:23.82,34.16 4 0
github.com/komish/cmd-operator-dev/controllers/certmanagerdeployment/customresourcedefinitions.go:39.2,39.45 1 0
github.com/komish/cmd-operator-dev/controllers/certmanagerdeployment/customresourcedefinitions.go:44.2,44.31 1 0
github.com/komish/cmd-operator-dev/controllers/certmanagerdeployment/customresourcedefinitions.go:54.2,54.17 1 0
github.com/komish/cmd-operator-dev/controllers/certmanagerdeployment/customresourcedefinitions.go:34.16,36.3 1 0
github.com/komish/cmd-operator-dev/controllers/certmanagerdeployment/customresourcedefinitions.go:39.45,41.3 1 0
github.com/komish/cmd-operator-dev/controllers/certmanagerdeployment/customresourcedefinitions.go:44.31,46.17 2 0
github.com/komish/cmd-operator-dev/controllers/certmanagerdeployment/customresourcedefinitions.go:50.3,50.23 1 0
github.com/komish/cmd-operator-dev/controllers/certmanagerdeployment/customresourcedefinitions.go:46.17,48.4 1 0
github.com/komish/cmd-operator-dev/controllers/certmanagerdeployment/customresourcedefinitions.go:58.72,59.17 1 0
github.com/komish/cmd-operator-dev/controllers/certmanagerdeployment/customresourcedefinitions.go:60.66,68.10 1 0
github.com/komish/cmd-operator-dev/controllers/certmanagerdeployment/customresourcedefinitions.go:69.10,72.85 1 0
github.com/komish/cmd-operator-dev/controllers/certmanagerdeployment/customresourcedefinitions.go:78.51,79.29 1 0
github.com/komish/cmd-operator-dev/controllers/certmanagerdeployment/customresourcedefinitions.go:85.2,85.17 1 0
github.com/komish/cmd-operator-dev/controllers/certmanagerdeployment/customresourcedefinitions.go:79.29,81.42 1 0
github.com/komish/cmd-operator-dev/controllers/certmanagerdeployment/customresourcedefinitions.go:81.42,83.4 1 0
github.com/komish/cmd-operator-dev/controllers/certmanagerdeployment/customresourcedefinitions.go:89.82,92.16 2 0
github.com/komish/cmd-operator-dev/controllers/certmanagerdeployment/customresourcedefinitions.go:99.2,101.16 3 0
github.com/komish/cmd-operator-dev/controllers/certmanagerdeployment/customresourcedefinitions.go:108.2,109.9 2 0
github.com/komish/cmd-operator-dev/controllers/certmanagerdeployment/customresourcedefinitions.go:113.2,113.17 1 0
github.com/komish/cmd-operator-dev/controllers/certmanagerdeployment/customresourcedefinitions.go:92.16,96.3 1 0
github.com/komish/cmd-operator-dev/controllers/certmanagerdeployment/customresourcedefinitions.go:101.16,105.3 1 0
github.com/komish/cmd-operator-dev/controllers/certmanagerdeployment/customresourcedefinitions.go:109.9,111.3 1 0
github.com/komish/cmd-operator-dev/controllers/certmanagerdeployment/customresourcedefinitions.go:116.74,118.26 2 0
github.com/komish/cmd-operator-dev/controllers/certmanagerdeployment/customresourcedefinitions.go:121.2,121.12 1 0
github.com/komish/cmd-operator-dev/controllers/certmanagerdeployment/customresourcedefinitions.go:118.26,120.3 1 0
github.com/komish/cmd-operator-dev/controllers/certmanagerdeployment/customresourcedefinitions.go:126.27,130.2 2 0
github.com/komish/cmd-operator-dev/controllers/certmanagerdeployment/rbac.go:13.66,15.61 2 0
github.com/komish/cmd-operator-dev/controllers/certmanagerdeployment/rbac.go:26.2,26.12 1 0
github.com/komish/cmd-operator-dev/controllers/certmanagerdeployment/rbac.go:15.61,19.45 2 0
github.com/komish/cmd-operator-dev/controllers/certmanagerdeployment/rbac.go:19.45,24.4 3 0
github.com/komish/cmd-operator-dev/controllers/certmanagerdeployment/rbac.go:30.170,55.2 3 0
github.com/komish/cmd-operator-dev/controllers/certmanagerdeployment/rbac.go:59.52,61.61 2 0
github.com/komish/cmd-operator-dev/controllers/certmanagerdeployment/rbac.go:70.2,70.14 1 0
github.com/komish/cmd-operator-dev/controllers/certmanagerdeployment/rbac.go:61.61,65.45 2 0
github.com/komish/cmd-operator-dev/controllers/certmanagerdeployment/rbac.go:65.45,67.4 1 0
github.com/komish/cmd-operator-dev/controllers/certmanagerdeployment/rbac.go:76.135,85.2 1 0
github.com/komish/cmd-operator-dev/controllers/certmanagerdeployment/rbac.go:88.66,90.61 2 0
github.com/komish/cmd-operator-dev/controllers/certmanagerdeployment/rbac.go:98.2,98.15 1 0
github.com/komish/cmd-operator-dev/controllers/certmanagerdeployment/rbac.go:90.61,94.59 2 0
github.com/komish/cmd-operator-dev/controllers/certmanagerdeployment/rbac.go:94.59,96.4 1 0
github.com/komish/cmd-operator-dev/controllers/certmanagerdeployment/rbac.go:103.149,111.2 1 0
github.com/komish/cmd-operator-dev/controllers/certmanagerdeployment/rbac.go:114.80,116.56 2 0
github.com/komish/cmd-operator-dev/controllers/certmanagerdeployment/rbac.go:129.2,129.13 1 0
github.com/komish/cmd-operator-dev/controllers/certmanagerdeployment/rbac.go:116.56,120.59 2 0
github.com/komish/cmd-operator-dev/controllers/certmanagerdeployment/rbac.go:120.59,121.34 1 0
github.com/komish/cmd-operator-dev/controllers/certmanagerdeployment/rbac.go:121.34,126.5 3 0
github.com/komish/cmd-operator-dev/controllers/certmanagerdeployment/rbac.go:133.198,155.2 1 0
github.com/komish/cmd-operator-dev/controllers/certmanagerdeployment/serviceaccounts.go:12.72,14.61 2 0
github.com/komish/cmd-operator-dev/controllers/certmanagerdeployment/serviceaccounts.go:21.2,21.12 1 0
github.com/komish/cmd-operator-dev/controllers/certmanagerdeployment/serviceaccounts.go:14.61,20.3 3 0
github.com/komish/cmd-operator-dev/controllers/certmanagerdeployment/serviceaccounts.go:27.130,35.2 1 0
github.com/komish/cmd-operator-dev/controllers/certmanagerdeployment/services.go:14.58,16.61 2 0
github.com/komish/cmd-operator-dev/controllers/certmanagerdeployment/services.go:27.2,27.13 1 0
github.com/komish/cmd-operator-dev/controllers/certmanagerdeployment/services.go:16.61,22.71 2 0
github.com/komish/cmd-operator-dev/controllers/certmanagerdeployment/services.go:22.71,24.4 1 0
github.com/komish/cmd-operator-dev/controllers/certmanagerdeployment/services.go:31.116,49.2 5 0
github.com/komish/cmd-operator-dev/controllers/certmanagerdeployment/webhooks.go:14.88,16.61 2 0
github.com/komish/cmd-operator-dev/controllers/certmanagerdeployment/webhooks.go:42.2,42.14 1 0
github.com/komish/cmd-operator-dev/controllers/certmanagerdeployment/webhooks.go:16.61,22.55 2 0
github.com/komish/cmd-operator-dev/controllers/certmanagerdeployment/webhooks.go:22.55,23.29 1 0
github.com/komish/cmd-operator-dev/controllers/certmanagerdeployment/webhooks.go:28.4,29.29 2 0
github.com/komish/cmd-operator-dev/controllers/certmanagerdeployment/webhooks.go:35.4,35.45 1 0
github.com/komish/cmd-operator-dev/controllers/certmanagerdeployment/webhooks.go:23.29,26.5 1 0
github.com/komish/cmd-operator-dev/controllers/certmanagerdeployment/webhooks.go:29.29,33.5 1 0
github.com/komish/cmd-operator-dev/controllers/certmanagerdeployment/webhooks.go:35.45,37.5 1 0
github.com/komish/cmd-operator-dev/controllers/certmanagerdeployment/webhooks.go:47.92,49.61 2 0
github.com/komish/cmd-operator-dev/controllers/certmanagerdeployment/webhooks.go:75.2,75.14 1 0
github.com/komish/cmd-operator-dev/controllers/certmanagerdeployment/webhooks.go:49.61,55.55 2 0
github.com/komish/cmd-operator-dev/controllers/certmanagerdeployment/webhooks.go:55.55,56.29 1 0
github.com/komish/cmd-operator-dev/controllers/certmanagerdeployment/webhooks.go:61.4,62.31 2 0
github.com/komish/cmd-operator-dev/controllers/certmanagerdeployment/webhooks.go:68.4,68.47 1 0
github.com/komish/cmd-operator-dev/controllers/certmanagerdeployment/webhooks.go:56.29,59.5 1 0
github.com/komish/cmd-operator-dev/controllers/certmanagerdeployment/webhooks.go:62.31,66.5 1 0
github.com/komish/cmd-operator-dev/controllers/certmanagerdeployment/webhooks.go:68.47,70.5 1 0
github.com/komish/cmd-operator-dev/controllers/certmanagerdeployment/webhooks.go:81.130,102.2 4 0
github.com/komish/cmd-operator-dev/controllers/certmanagerdeployment/webhooks.go:107.134,128.2 4 0
github.com/komish/cmd-operator-dev/controllers/certmanagerdeployment/certmanagerdeployment_controller.go:71.92,79.27 4 0
github.com/komish/cmd-operator-dev/controllers/certmanagerdeployment/certmanagerdeployment_controller.go:85.2,87.16 3 0
github.com/komish/cmd-operator-dev/controllers/certmanagerdeployment/certmanagerdeployment_controller.go:99.2,99.88 1 0
github.com/komish/cmd-operator-dev/controllers/certmanagerdeployment/certmanagerdeployment_controller.go:109.2,118.94 2 0
github.com/komish/cmd-operator-dev/controllers/certmanagerdeployment/certmanagerdeployment_controller.go:123.2,123.111 1 0
github.com/komish/cmd-operator-dev/controllers/certmanagerdeployment/certmanagerdeployment_controller.go:128.2,128.101 1 0
github.com/komish/cmd-operator-dev/controllers/certmanagerdeployment/certmanagerdeployment_controller.go:135.2,135.112 1 0
github.com/komish/cmd-operator-dev/controllers/certmanagerdeployment/certmanagerdeployment_controller.go:140.2,140.92 1 0
github.com/komish/cmd-operator-dev/controllers/certmanagerdeployment/certmanagerdeployment_controller.go:145.2,145.106 1 0
github.com/komish/cmd-operator-dev/controllers/certmanagerdeployment/certmanagerdeployment_controller.go:150.2,150.106 1 0
github.com/komish/cmd-operator-dev/controllers/certmanagerdeployment/certmanagerdeployment_controller.go:155.2,155.120 1 0
github.com/komish/cmd-operator-dev/controllers/certmanagerdeployment/certmanagerdeployment_controller.go:160.2,160.104 1 0
github.com/komish/cmd-operator-dev/controllers/certmanagerdeployment/certmanagerdeployment_controller.go:165.2,165.98 1 0
github.com/komish/cmd-operator-dev/controllers/certmanagerdeployment/certmanagerdeployment_controller.go:170.2,170.98 1 0
github.com/komish/cmd-operator-dev/controllers/certmanagerdeployment/certmanagerdeployment_controller.go:176.2,176.27 1 0
github.com/komish/cmd-operator-dev/controllers/certmanagerdeployment/certmanagerdeployment_controller.go:79.27,82.3 2 0
github.com/komish/cmd-operator-dev/controllers/certmanagerdeployment/certmanagerdeployment_controller.go:87.16,88.29 1 0
github.com/komish/cmd-operator-dev/controllers/certmanagerdeployment/certmanagerdeployment_controller.go:95.3,95.28 1 0
github.com/komish/cmd-operator-dev/controllers/certmanagerdeployment/certmanagerdeployment_controller.go:88.29,93.4 1 0
github.com/komish/cmd-operator-dev/controllers/certmanagerdeployment/certmanagerdeployment_controller.go:99.88,105.3 2 0
github.com/komish/cmd-operator-dev/controllers/certmanagerdeployment/certmanagerdeployment_controller.go:118.94,121.3 2 0
github.com/komish/cmd-operator-dev/controllers/certmanagerdeployment/certmanagerdeployment_controller.go:123.111,126.3 2 0
github.com/komish/cmd-operator-dev/controllers/certmanagerdeployment/certmanagerdeployment_controller.go:128.101,133.3 2 0
github.com/komish/cmd-operator-dev/controllers/certmanagerdeployment/certmanagerdeployment_controller.go:135.112,138.3 2 0
github.com/komish/cmd-operator-dev/controllers/certmanagerdeployment/certmanagerdeployment_controller.go:140.92,143.3 2 0
github.com/komish/cmd-operator-dev/controllers/certmanagerdeployment/certmanagerdeployment_controller.go:145.106,148.3 2 0
github.com/komish/cmd-operator-dev/controllers/certmanagerdeployment/certmanagerdeployment_controller.go:150.106,153.3 2 0
github.com/komish/cmd-operator-dev/controllers/certmanagerdeployment/certmanagerdeployment_controller.go:155.120,158.3 2 0
github.com/komish/cmd-operator-dev/controllers/certmanagerdeployment/certmanagerdeployment_controller.go:160.104,163.3 2 0
github.com/komish/cmd-operator-dev/controllers/certmanagerdeployment/certmanagerdeployment_controller.go:165.98,168.3 2 0
github.com/komish/cmd-operator-dev/controllers/certmanagerdeployment/certmanagerdeployment_controller.go:170.98,173.3 2 0
github.com/komish/cmd-operator-dev/controllers/certmanagerdeployment/certmanagerdeployment_controller.go:180.84,193.2 1 0
github.com/komish/cmd-operator-dev/controllers/certmanagerdeployment/certmanagerdeployment_controller.go:198.142,211.42 5 0
github.com/komish/cmd-operator-dev/controllers/certmanagerdeployment/certmanagerdeployment_controller.go:234.2,234.12 1 0
github.com/komish/cmd-operator-dev/controllers/certmanagerdeployment/certmanagerdeployment_controller.go:211.42,218.87 2 0
github.com/komish/cmd-operator-dev/controllers/certmanagerdeployment/certmanagerdeployment_controller.go:223.3,225.54 3 0
github.com/komish/cmd-operator-dev/controllers/certmanagerdeployment/certmanagerdeployment_controller.go:218.87,221.4 1 0
github.com/komish/cmd-operator-dev/controllers/certmanagerdeployment/certmanagerdeployment_controller.go:225.54,227.4 1 0
github.com/komish/cmd-operator-dev/controllers/certmanagerdeployment/certmanagerdeployment_controller.go:228.8,228.23 1 0
github.com/komish/cmd-operator-dev/controllers/certmanagerdeployment/certmanagerdeployment_controller.go:228.23,232.3 1 0
github.com/komish/cmd-operator-dev/controllers/certmanagerdeployment/certmanagerdeployment_controller.go:240.138,248.29 6 0
github.com/komish/cmd-operator-dev/controllers/certmanagerdeployment/certmanagerdeployment_controller.go:337.2,337.12 1 0
github.com/komish/cmd-operator-dev/controllers/certmanagerdeployment/certmanagerdeployment_controller.go:248.29,250.89 1 0
github.com/komish/cmd-operator-dev/controllers/certmanagerdeployment/certmanagerdeployment_controller.go:253.3,256.43 3 0
github.com/komish/cmd-operator-dev/controllers/certmanagerdeployment/certmanagerdeployment_controller.go:276.3,277.17 2 0
github.com/komish/cmd-operator-dev/controllers/certmanagerdeployment/certmanagerdeployment_controller.go:281.3,282.17 2 0
github.com/komish/cmd-operator-dev/controllers/certmanagerdeployment/certmanagerdeployment_controller.go:287.3,288.17 2 0
github.com/komish/cmd-operator-dev/controllers/certmanagerdeployment/certmanagerdeployment_controller.go:292.3,293.17 2 0
github.com/komish/cmd-operator-dev/controllers/certmanagerdeployment/certmanagerdeployment_controller.go:298.3,301.35 3 0
github.com/komish/cmd-operator-dev/controllers/certmanagerdeployment/certmanagerdeployment_controller.go:250.89,252.4 1 0
github.com/komish/cmd-operator-dev/controllers/certmanagerdeployment/certmanagerdeployment_controller.go:256.43,265.56 3 0
github.com/komish/cmd-operator-dev/controllers/certmanagerdeployment/certmanagerdeployment_controller.go:270.4,270.12 1 0
github.com/komish/cmd-operator-dev/controllers/certmanagerdeployment/certmanagerdeployment_controller.go:265.56,267.5 1 0
github.com/komish/cmd-operator-dev/controllers/certmanagerdeployment/certmanagerdeployment_controller.go:271.9,271.24 1 0
github.com/komish/cmd-operator-dev/controllers/certmanagerdeployment/certmanagerdeployment_controller.go:271.24,273.4 1 0
github.com/komish/cmd-operator-dev/controllers/certmanagerdeployment/certmanagerdeployment_controller.go:277.17,280.4 1 0
github.com/komish/cmd-operator-dev/controllers/certmanagerdeployment/certmanagerdeployment_controller.go:282.17,285.4 1 0
github.com/komish/cmd-operator-dev/controllers/certmanagerdeployment/certmanagerdeployment_controller.go:288.17,291.4 1 0
github.com/komish/cmd-operator-dev/controllers/certmanagerdeployment/certmanagerdeployment_controller.go:293.17,296.4 1 0
github.com/komish/cmd-operator-dev/controllers/certmanagerdeployment/certmanagerdeployment_controller.go:301.35,318.19 4 0
github.com/komish/cmd-operator-dev/controllers/certmanagerdeployment/certmanagerdeployment_controller.go:322.4,322.20 1 0
github.com/komish/cmd-operator-dev/controllers/certmanagerdeployment/certmanagerdeployment_controller.go:327.4,328.60 2 0
github.com/komish/cmd-operator-dev/controllers/certmanagerdeployment/certmanagerdeployment_controller.go:333.4,333.153 1 0
github.com/komish/cmd-operator-dev/controllers/certmanagerdeployment/certmanagerdeployment_controller.go:318.19,320.5 1 0
github.com/komish/cmd-operator-dev/controllers/certmanagerdeployment/certmanagerdeployment_controller.go:322.20,325.5 1 0
github.com/komish/cmd-operator-dev/controllers/certmanagerdeployment/certmanagerdeployment_controller.go:328.60,331.5 1 0
github.com/komish/cmd-operator-dev/controllers/certmanagerdeployment/certmanagerdeployment_controller.go:340.148,348.25 6 0
github.com/komish/cmd-operator-dev/controllers/certmanagerdeployment/certmanagerdeployment_controller.go:376.2,376.12 1 0
github.com/komish/cmd-operator-dev/controllers/certmanagerdeployment/certmanagerdeployment_controller.go:348.25,350.87 1 0
github.com/komish/cmd-operator-dev/controllers/certmanagerdeployment/certmanagerdeployment_controller.go:353.3,356.43 3 0
github.com/komish/cmd-operator-dev/controllers/certmanagerdeployment/certmanagerdeployment_controller.go:350.87,352.4 1 0
github.com/komish/cmd-operator-dev/controllers/certmanagerdeployment/certmanagerdeployment_controller.go:356.43,365.55 3 0
github.com/komish/cmd-operator-dev/controllers/certmanagerdeployment/certmanagerdeployment_controller.go:370.4,370.12 1 0
github.com/komish/cmd-operator-dev/controllers/certmanagerdeployment/certmanagerdeployment_controller.go:365.55,367.5 1 0
github.com/komish/cmd-operator-dev/controllers/certmanagerdeployment/certmanagerdeployment_controller.go:371.9,371.24 1 0
github.com/komish/cmd-operator-dev/controllers/certmanagerdeployment/certmanagerdeployment_controller.go:371.24,373.4 1 0
github.com/komish/cmd-operator-dev/controllers/certmanagerdeployment/certmanagerdeployment_controller.go:380.145,387.34 5 0
github.com/komish/cmd-operator-dev/controllers/certmanagerdeployment/certmanagerdeployment_controller.go:481.2,481.12 1 0
github.com/komish/cmd-operator-dev/controllers/certmanagerdeployment/certmanagerdeployment_controller.go:387.34,388.96 1 0
github.com/komish/cmd-operator-dev/controllers/certmanagerdeployment/certmanagerdeployment_controller.go:392.3,395.43 3 0
github.com/komish/cmd-operator-dev/controllers/certmanagerdeployment/certmanagerdeployment_controller.go:419.3,420.17 2 0
github.com/komish/cmd-operator-dev/controllers/certmanagerdeployment/certmanagerdeployment_controller.go:424.3,425.17 2 0
github.com/komish/cmd-operator-dev/controllers/certmanagerdeployment/certmanagerdeployment_controller.go:430.3,431.17 2 0
github.com/komish/cmd-operator-dev/controllers/certmanagerdeployment/certmanagerdeployment_controller.go:435.3,436.17 2 0
github.com/komish/cmd-operator-dev/controllers/certmanagerdeployment/certmanagerdeployment_controller.go:441.3,444.38 3 0
github.com/komish/cmd-operator-dev/controllers/certmanagerdeployment/certmanagerdeployment_controller.go:388.96,390.4 1 0
github.com/komish/cmd-operator-dev/controllers/certmanagerdeployment/certmanagerdeployment_controller.go:395.43,406.64 3 0
github.com/komish/cmd-operator-dev/controllers/certmanagerdeployment/certmanagerdeployment_controller.go:411.4,411.12 1 0
github.com/komish/cmd-operator-dev/controllers/certmanagerdeployment/certmanagerdeployment_controller.go:406.64,408.5 1 0
github.com/komish/cmd-operator-dev/controllers/certmanagerdeployment/certmanagerdeployment_controller.go:412.9,412.24 1 0
github.com/komish/cmd-operator-dev/controllers/certmanagerdeployment/certmanagerdeployment_controller.go:412.24,414.4 1 0
github.com/komish/cmd-operator-dev/controllers/certmanagerdeployment/certmanagerdeployment_controller.go:420.17,423.4 1 0
github.com/komish/cmd-operator-dev/controllers/certmanagerdeployment/certmanagerdeployment_controller.go:425.17,428.4 1 0
github.com/komish/cmd-operator-dev/controllers/certmanagerdeployment/certmanagerdeployment_controller.go:431.17,434.4 1 0
github.com/komish/cmd-operator-dev/controllers/certmanagerdeployment/certmanagerdeployment_controller.go:436.17,439.4 1 0
github.com/komish/cmd-operator-dev/controllers/certmanagerdeployment/certmanagerdeployment_controller.go:444.38,455.22 4 0
github.com/komish/cmd-operator-dev/controllers/certmanagerdeployment/certmanagerdeployment_controller.go:459.4,459.20 1 0
github.com/komish/cmd-operator-dev/controllers/certmanagerdeployment/certmanagerdeployment_controller.go:464.4,467.60 2 0
github.com/komish/cmd-operator-dev/controllers/certmanagerdeployment/certmanagerdeployment_controller.go:472.4,478.27 1 0
github.com/komish/cmd-operator-dev/controllers/certmanagerdeployment/certmanagerdeployment_controller.go:455.22,457.5 1 0
github.com/komish/cmd-operator-dev/controllers/certmanagerdeployment/certmanagerdeployment_controller.go:459.20,462.5 1 0
github.com/komish/cmd-operator-dev/controllers/certmanagerdeployment/certmanagerdeployment_controller.go:467.60,470.5 1 0
github.com/komish/cmd-operator-dev/controllers/certmanagerdeployment/certmanagerdeployment_controller.go:485.152,492.42 5 0
github.com/komish/cmd-operator-dev/controllers/certmanagerdeployment/certmanagerdeployment_controller.go:585.2,585.12 1 0
github.com/komish/cmd-operator-dev/controllers/certmanagerdeployment/certmanagerdeployment_controller.go:492.42,493.103 1 0
github.com/komish/cmd-operator-dev/controllers/certmanagerdeployment/certmanagerdeployment_controller.go:497.3,500.43 3 0
github.com/komish/cmd-operator-dev/controllers/certmanagerdeployment/certmanagerdeployment_controller.go:521.3,522.17 2 0
github.com/komish/cmd-operator-dev/controllers/certmanagerdeployment/certmanagerdeployment_controller.go:526.3,527.17 2 0
github.com/komish/cmd-operator-dev/controllers/certmanagerdeployment/certmanagerdeployment_controller.go:532.3,533.17 2 0
github.com/komish/cmd-operator-dev/controllers/certmanagerdeployment/certmanagerdeployment_controller.go:537.3,538.17 2 0
github.com/komish/cmd-operator-dev/controllers/certmanagerdeployment/certmanagerdeployment_controller.go:543.3,546.38 3 0
github.com/komish/cmd-operator-dev/controllers/certmanagerdeployment/certmanagerdeployment_controller.go:493.103,496.4 1 0
github.com/komish/cmd-operator-dev/controllers/certmanagerdeployment/certmanagerdeployment_controller.go:500.43,509.71 3 0
github.com/komish/cmd-operator-dev/controllers/certmanagerdeployment/certmanagerdeployment_controller.go:514.4,514.12 1 0
github.com/komish/cmd-operator-dev/controllers/certmanagerdeployment/certmanagerdeployment_controller.go:509.71,511.5 1 0
github.com/komish/cmd-operator-dev/controllers/certmanagerdeployment/certmanagerdeployment_controller.go:515.9,515.24 1 0
github.com/komish/cmd-operator-dev/controllers/certmanagerdeployment/certmanagerdeployment_controller.go:515.24,518.4 1 0
github.com/komish/cmd-operator-dev/controllers/certmanagerdeployment/certmanagerdeployment_controller.go:522.17,525.4 1 0
github.com/komish/cmd-operator-dev/controllers/certmanagerdeployment/certmanagerdeployment_controller.go:527.17,530.4 1 0
github.com/komish/cmd-operator-dev/controllers/certmanagerdeployment/certmanagerdeployment_controller.go:533.17,536.4 1 0
github.com/komish/cmd-operator-dev/controllers/certmanagerdeployment/certmanagerdeployment_controller.go:538.17,541.4 1 0
github.com/komish/cmd-operator-dev/controllers/certmanagerdeployment/certmanagerdeployment_controller.go:546.38,561.22 4 0
github.com/komish/cmd-operator-dev/controllers/certmanagerdeployment/certmanagerdeployment_controller.go:565.4,565.20 1 0
github.com/komish/cmd-operator-dev/controllers/certmanagerdeployment/certmanagerdeployment_controller.go:570.4,572.60 2 0
github.com/komish/cmd-operator-dev/controllers/certmanagerdeployment/certmanagerdeployment_controller.go:577.4,582.34 1 0
github.com/komish/cmd-operator-dev/controllers/certmanagerdeployment/certmanagerdeployment_controller.go:561.22,563.5 1 0
github.com/komish/cmd-operator-dev/controllers/certmanagerdeployment/certmanagerdeployment_controller.go:565.20,568.5 1 0
github.com/komish/cmd-operator-dev/controllers/certmanagerdeployment/certmanagerdeployment_controller.go:572.60,575.5 1 0
github.com/komish/cmd-operator-dev/controllers/certmanagerdeployment/certmanagerdeployment_controller.go:589.145,598.35 5 0
github.com/komish/cmd-operator-dev/controllers/certmanagerdeployment/certmanagerdeployment_controller.go:694.2,694.12 1 0
github.com/komish/cmd-operator-dev/controllers/certmanagerdeployment/certmanagerdeployment_controller.go:598.35,599.96 1 0
github.com/komish/cmd-operator-dev/controllers/certmanagerdeployment/certmanagerdeployment_controller.go:603.3,609.43 3 0
github.com/komish/cmd-operator-dev/controllers/certmanagerdeployment/certmanagerdeployment_controller.go:629.3,630.17 2 0
github.com/komish/cmd-operator-dev/controllers/certmanagerdeployment/certmanagerdeployment_controller.go:634.3,635.17 2 0
github.com/komish/cmd-operator-dev/controllers/certmanagerdeployment/certmanagerdeployment_controller.go:640.3,641.17 2 0
github.com/komish/cmd-operator-dev/controllers/certmanagerdeployment/certmanagerdeployment_controller.go:645.3,646.17 2 0
github.com/komish/cmd-operator-dev/controllers/certmanagerdeployment/certmanagerdeployment_controller.go:651.3,654.35 3 0
github.com/komish/cmd-operator-dev/controllers/certmanagerdeployment/certmanagerdeployment_controller.go:599.96,601.4 1 0
github.com/komish/cmd-operator-dev/controllers/certmanagerdeployment/certmanagerdeployment_controller.go:609.43,617.64 3 0
github.com/komish/cmd-operator-dev/controllers/certmanagerdeployment/certmanagerdeployment_controller.go:622.4,622.12 1 0
github.com/komish/cmd-operator-dev/controllers/certmanagerdeployment/certmanagerdeployment_controller.go:617.64,619.5 1 0
github.com/komish/cmd-operator-dev/controllers/certmanagerdeployment/certmanagerdeployment_controller.go:623.9,623.24 1 0
github.com/komish/cmd-operator-dev/controllers/certmanagerdeployment/certmanagerdeployment_controller.go:623.24,626.4 1 0
github.com/komish/cmd-operator-dev/controllers/certmanagerdeployment/certmanagerdeployment_controller.go:630.17,633.4 1 0
github.com/komish/cmd-operator-dev/controllers/certmanagerdeployment/certmanagerdeployment_controller.go:635.17,638.4 1 0
github.com/komish/cmd-operator-dev/controllers/certmanagerdeployment/certmanagerdeployment_controller.go:641.17,644.4 1 0
github.com/komish/cmd-operator-dev/controllers/certmanagerdeployment/certmanagerdeployment_controller.go:646.17,649.4 1 0
github.com/komish/cmd-operator-dev/controllers/certmanagerdeployment/certmanagerdeployment_controller.go:654.35,669.19 4 0
github.com/komish/cmd-operator-dev/controllers/certmanagerdeployment/certmanagerdeployment_controller.go:673.4,673.20 1 0
github.com/komish/cmd-operator-dev/controllers/certmanagerdeployment/certmanagerdeployment_controller.go:678.4,680.60 2 0
github.com/komish/cmd-operator-dev/controllers/certmanagerdeployment/certmanagerdeployment_controller.go:685.4,690.27 1 0
github.com/komish/cmd-operator-dev/controllers/certmanagerdeployment/certmanagerdeployment_controller.go:669.19,671.5 1 0
github.com/komish/cmd-operator-dev/controllers/certmanagerdeployment/certmanagerdeployment_controller.go:673.20,676.5 1 0
github.com/komish/cmd-operator-dev/controllers/certmanagerdeployment/certmanagerdeployment_controller.go:680.60,683.5 1 0
github.com/komish/cmd-operator-dev/controllers/certmanagerdeployment/certmanagerdeployment_controller.go:698.144,707.27 5 0
github.com/komish/cmd-operator-dev/controllers/certmanagerdeployment/certmanagerdeployment_controller.go:812.2,812.12 1 0
github.com/komish/cmd-operator-dev/controllers/certmanagerdeployment/certmanagerdeployment_controller.go:707.27,709.88 1 0
github.com/komish/cmd-operator-dev/controllers/certmanagerdeployment/certmanagerdeployment_controller.go:712.3,714.43 3 0
github.com/komish/cmd-operator-dev/controllers/certmanagerdeployment/certmanagerdeployment_controller.go:734.3,735.17 2 0
github.com/komish/cmd-operator-dev/controllers/certmanagerdeployment/certmanagerdeployment_controller.go:739.3,740.17 2 0
github.com/komish/cmd-operator-dev/controllers/certmanagerdeployment/certmanagerdeployment_controller.go:745.3,746.17 2 0
github.com/komish/cmd-operator-dev/controllers/certmanagerdeployment/certmanagerdeployment_controller.go:750.3,751.17 2 0
github.com/komish/cmd-operator-dev/controllers/certmanagerdeployment/certmanagerdeployment_controller.go:756.3,757.17 2 0
github.com/komish/cmd-operator-dev/controllers/certmanagerdeployment/certmanagerdeployment_controller.go:761.3,762.17 2 0
github.com/komish/cmd-operator-dev/controllers/certmanagerdeployment/certmanagerdeployment_controller.go:767.3,771.50 4 0
github.com/komish/cmd-operator-dev/controllers/certmanagerdeployment/certmanagerdeployment_controller.go:709.88,711.4 1 0
github.com/komish/cmd-operator-dev/controllers/certmanagerdeployment/certmanagerdeployment_controller.go:714.43,722.56 3 0
github.com/komish/cmd-operator-dev/controllers/certmanagerdeployment/certmanagerdeployment_controller.go:727.4,727.12 1 0
github.com/komish/cmd-operator-dev/controllers/certmanagerdeployment/certmanagerdeployment_controller.go:722.56,724.5 1 0
github.com/komish/cmd-operator-dev/controllers/certmanagerdeployment/certmanagerdeployment_controller.go:728.9,728.24 1 0
github.com/komish/cmd-operator-dev/controllers/certmanagerdeployment/certmanagerdeployment_controller.go:728.24,731.4 1 0
github.com/komish/cmd-operator-dev/controllers/certmanagerdeployment/certmanagerdeployment_controller.go:735.17,738.4 1 0
github.com/komish/cmd-operator-dev/controllers/certmanagerdeployment/certmanagerdeployment_controller.go:740.17,743.4 1 0
github.com/komish/cmd-operator-dev/controllers/certmanagerdeployment/certmanagerdeployment_controller.go:746.17,749.4 1 0
github.com/komish/cmd-operator-dev/controllers/certmanagerdeployment/certmanagerdeployment_controller.go:751.17,754.4 1 0
github.com/komish/cmd-operator-dev/controllers/certmanagerdeployment/certmanagerdeployment_controller.go:757.17,760.4 1 0
github.com/komish/cmd-operator-dev/controllers/certmanagerdeployment/certmanagerdeployment_controller.go:762.17,765.4 1 0
github.com/komish/cmd-operator-dev/controllers/certmanagerdeployment/certmanagerdeployment_controller.go:771.50,783.19 4 0
github.com/komish/cmd-operator-dev/controllers/certmanagerdeployment/certmanagerdeployment_controller.go:792.4,792.20 1 0
github.com/komish/cmd-operator-dev/controllers/certmanagerdeployment/certmanagerdeployment_controller.go:797.4,797.20 1 0
github.com/komish/cmd-operator-dev/controllers/certmanagerdeployment/certmanagerdeployment_controller.go:802.4,803.60 2 0
github.com/komish/cmd-operator-dev/controllers/certmanagerdeployment/certmanagerdeployment_controller.go:808.4,808.169 1 0
github.com/komish/cmd-operator-dev/controllers/certmanagerdeployment/certmanagerdeployment_controller.go:783.19,786.19 2 0
github.com/komish/cmd-operator-dev/controllers/certmanagerdeployment/certmanagerdeployment_controller.go:786.19,789.6 1 0
github.com/komish/cmd-operator-dev/controllers/certmanagerdeployment/certmanagerdeployment_controller.go:792.20,795.5 1 0
github.com/komish/cmd-operator-dev/controllers/certmanagerdeployment/certmanagerdeployment_controller.go:797.20,800.5 1 0
github.com/komish/cmd-operator-dev/controllers/certmanagerdeployment/certmanagerdeployment_controller.go:803.60,806.5 1 0
github.com/komish/cmd-operator-dev/controllers/certmanagerdeployment/certmanagerdeployment_controller.go:816.141,825.27 5 0
github.com/komish/cmd-operator-dev/controllers/certmanagerdeployment/certmanagerdeployment_controller.go:931.2,931.12 1 0
github.com/komish/cmd-operator-dev/controllers/certmanagerdeployment/certmanagerdeployment_controller.go:825.27,827.88 1 0
github.com/komish/cmd-operator-dev/controllers/certmanagerdeployment/certmanagerdeployment_controller.go:830.3,832.43 3 0
github.com/komish/cmd-operator-dev/controllers/certmanagerdeployment/certmanagerdeployment_controller.go:853.3,854.17 2 0
github.com/komish/cmd-operator-dev/controllers/certmanagerdeployment/certmanagerdeployment_controller.go:858.3,859.17 2 0
github.com/komish/cmd-operator-dev/controllers/certmanagerdeployment/certmanagerdeployment_controller.go:864.3,865.17 2 0
github.com/komish/cmd-operator-dev/controllers/certmanagerdeployment/certmanagerdeployment_controller.go:869.3,870.17 2 0
github.com/komish/cmd-operator-dev/controllers/certmanagerdeployment/certmanagerdeployment_controller.go:875.3,876.17 2 0
github.com/komish/cmd-operator-dev/controllers/certmanagerdeployment/certmanagerdeployment_controller.go:880.3,881.17 2 0
github.com/komish/cmd-operator-dev/controllers/certmanagerdeployment/certmanagerdeployment_controller.go:886.3,889.50 4 0
github.com/komish/cmd-operator-dev/controllers/certmanagerdeployment/certmanagerdeployment_controller.go:827.88,829.4 1 0
github.com/komish/cmd-operator-dev/controllers/certmanagerdeployment/certmanagerdeployment_controller.go:832.43,840.56 3 0
github.com/komish/cmd-operator-dev/controllers/certmanagerdeployment/certmanagerdeployment_controller.go:845.4,845.12 1 0
github.com/komish/cmd-operator-dev/controllers/certmanagerdeployment/certmanagerdeployment_controller.go:840.56,842.5 1 0
github.com/komish/cmd-operator-dev/controllers/certmanagerdeployment/certmanagerdeployment_controller.go:846.9,846.24 1 0
github.com/komish/cmd-operator-dev/controllers/certmanagerdeployment/certmanagerdeployment_controller.go:846.24,849.4 1 0
github.com/komish/cmd-operator-dev/controllers/certmanagerdeployment/certmanagerdeployment_controller.go:854.17,857.4 1 0
github.com/komish/cmd-operator-dev/controllers/certmanagerdeployment/certmanagerdeployment_controller.go:859.17,862.4 1 0
github.com/komish/cmd-operator-dev/controllers/certmanagerdeployment/certmanagerdeployment_controller.go:865.17,868.4 1 0
github.com/komish/cmd-operator-dev/controllers/certmanagerdeployment/certmanagerdeployment_controller.go:870.17,873.4 1 0
github.com/komish/cmd-operator-dev/controllers/certmanagerdeployment/certmanagerdeployment_controller.go:876.17,879.4 1 0
github.com/komish/cmd-operator-dev/controllers/certmanagerdeployment/certmanagerdeployment_controller.go:881.17,884.4 1 0
github.com/komish/cmd-operator-dev/controllers/certmanagerdeployment/certmanagerdeployment_controller.go:889.50,902.19 4 0
github.com/komish/cmd-operator-dev/controllers/certmanagerdeployment/certmanagerdeployment_controller.go:911.4,911.20 1 0
github.com/komish/cmd-operator-dev/controllers/certmanagerdeployment/certmanagerdeployment_controller.go:916.4,916.20 1 0
github.com/komish/cmd-operator-dev/controllers/certmanagerdeployment/certmanagerdeployment_controller.go:921.4,922.60 2 0
github.com/komish/cmd-operator-dev/controllers/certmanagerdeployment/certmanagerdeployment_controller.go:928.4,928.160 1 0
github.com/komish/cmd-operator-dev/controllers/certmanagerdeployment/certmanagerdeployment_controller.go:902.19,905.19 2 0
github.com/komish/cmd-operator-dev/controllers/certmanagerdeployment/certmanagerdeployment_controller.go:905.19,908.6 1 0
github.com/komish/cmd-operator-dev/controllers/certmanagerdeployment/certmanagerdeployment_controller.go:911.20,914.5 1 0
github.com/komish/cmd-operator-dev/controllers/certmanagerdeployment/certmanagerdeployment_controller.go:916.20,919.5 1 0
github.com/komish/cmd-operator-dev/controllers/certmanagerdeployment/certmanagerdeployment_controller.go:922.60,925.5 1 0
github.com/komish/cmd-operator-dev/controllers/certmanagerdeployment/certmanagerdeployment_controller.go:935.141,945.27 5 0
github.com/komish/cmd-operator-dev/controllers/certmanagerdeployment/certmanagerdeployment_controller.go:1047.2,1049.27 2 0
github.com/komish/cmd-operator-dev/controllers/certmanagerdeployment/certmanagerdeployment_controller.go:1152.2,1152.12 1 0
github.com/komish/cmd-operator-dev/controllers/certmanagerdeployment/certmanagerdeployment_controller.go:945.27,946.88 1 0
github.com/komish/cmd-operator-dev/controllers/certmanagerdeployment/certmanagerdeployment_controller.go:950.3,952.43 3 0
github.com/komish/cmd-operator-dev/controllers/certmanagerdeployment/certmanagerdeployment_controller.go:972.3,973.17 2 0
github.com/komish/cmd-operator-dev/controllers/certmanagerdeployment/certmanagerdeployment_controller.go:977.3,978.17 2 0
github.com/komish/cmd-operator-dev/controllers/certmanagerdeployment/certmanagerdeployment_controller.go:983.3,984.17 2 0
github.com/komish/cmd-operator-dev/controllers/certmanagerdeployment/certmanagerdeployment_controller.go:988.3,989.17 2 0
github.com/komish/cmd-operator-dev/controllers/certmanagerdeployment/certmanagerdeployment_controller.go:994.3,995.17 2 0
github.com/komish/cmd-operator-dev/controllers/certmanagerdeployment/certmanagerdeployment_controller.go:999.3,1000.17 2 0
github.com/komish/cmd-operator-dev/controllers/certmanagerdeployment/certmanagerdeployment_controller.go:1006.3,1011.53 4 0
github.com/komish/cmd-operator-dev/controllers/certmanagerdeployment/certmanagerdeployment_controller.go:946.88,949.4 1 0
github.com/komish/cmd-operator-dev/controllers/certmanagerdeployment/certmanagerdeployment_controller.go:952.43,960.56 3 0
github.com/komish/cmd-operator-dev/controllers/certmanagerdeployment/certmanagerdeployment_controller.go:965.4,965.12 1 0
github.com/komish/cmd-operator-dev/controllers/certmanagerdeployment/certmanagerdeployment_controller.go:960.56,962.5 1 0
github.com/komish/cmd-operator-dev/controllers/certmanagerdeployment/certmanagerdeployment_controller.go:966.9,966.24 1 0
github.com/komish/cmd-operator-dev/controllers/certmanagerdeployment/certmanagerdeployment_controller.go:966.24,969.4 1 0
github.com/komish/cmd-operator-dev/controllers/certmanagerdeployment/certmanagerdeployment_controller.go:973.17,976.4 1 0
github.com/komish/cmd-operator-dev/controllers/certmanagerdeployment/certmanagerdeployment_controller.go:978.17,981.4 1 0
github.com/komish/cmd-operator-dev/controllers/certmanagerdeployment/certmanagerdeployment_controller.go:984.17,987.4 1 0
github.com/komish/cmd-operator-dev/controllers/certmanagerdeployment/certmanagerdeployment_controller.go:989.17,992.4 1 0
github.com/komish/cmd-operator-dev/controllers/certmanagerdeployment/certmanagerdeployment_controller.go:995.17,997.4 1 0
github.com/komish/cmd-operator-dev/controllers/certmanagerdeployment/certmanagerdeployment_controller.go:1000.17,1003.4 1 0
github.com/komish/cmd-operator-dev/controllers/certmanagerdeployment/certmanagerdeployment_controller.go:1011.53,1022.22 4 0
github.com/komish/cmd-operator-dev/controllers/certmanagerdeployment/certmanagerdeployment_controller.go:1027.4,1027.20 1 0
github.com/komish/cmd-operator-dev/controllers/certmanagerdeployment/certmanagerdeployment_controller.go:1032.4,1032.20 1 0
github.com/komish/cmd-operator-dev/controllers/certmanagerdeployment/certmanagerdeployment_controller.go:1037.4,1038.60 2 0
github.com/komish/cmd-operator-dev/controllers/certmanagerdeployment/certmanagerdeployment_controller.go:1043.4,1043.137 1 0
github.com/komish/cmd-operator-dev/controllers/certmanagerdeployment/certmanagerdeployment_controller.go:1022.22,1025.5 1 0
github.com/komish/cmd-operator-dev/controllers/certmanagerdeployment/certmanagerdeployment_controller.go:1027.20,1030.5 1 0
github.com/komish/cmd-operator-dev/controllers/certmanagerdeployment/certmanagerdeployment_controller.go:1032.20,1035.5 1 0
github.com/komish/cmd-operator-dev/controllers/certmanagerdeployment/certmanagerdeployment_controller.go:1038.60,1041.5 1 0
github.com/komish/cmd-operator-dev/controllers/certmanagerdeployment/certmanagerdeployment_controller.go:1049.27,1050.88 1 0
github.com/komish/cmd-operator-dev/controllers/certmanagerdeployment/certmanagerdeployment_controller.go:1055.3,1057.43 3 0
github.com/komish/cmd-operator-dev/controllers/certmanagerdeployment/certmanagerdeployment_controller.go:1077.3,1078.17 2 0
github.com/komish/cmd-operator-dev/controllers/certmanagerdeployment/certmanagerdeployment_controller.go:1082.3,1083.17 2 0
github.com/komish/cmd-operator-dev/controllers/certmanagerdeployment/certmanagerdeployment_controller.go:1088.3,1089.17 2 0
github.com/komish/cmd-operator-dev/controllers/certmanagerdeployment/certmanagerdeployment_controller.go:1093.3,1094.17 2 0
github.com/komish/cmd-operator-dev/controllers/certmanagerdeployment/certmanagerdeployment_controller.go:1099.3,1100.17 2 0
github.com/komish/cmd-operator-dev/controllers/certmanagerdeployment/certmanagerdeployment_controller.go:1104.3,1105.17 2 0
github.com/komish/cmd-operator-dev/controllers/certmanagerdeployment/certmanagerdeployment_controller.go:1111.3,1116.53 4 0
github.com/komish/cmd-operator-dev/controllers/certmanagerdeployment/certmanagerdeployment_controller.go:1050.88,1053.4 1 0
github.com/komish/cmd-operator-dev/controllers/certmanagerdeployment/certmanagerdeployment_controller.go:1057.43,1065.56 3 0
github.com/komish/cmd-operator-dev/controllers/certmanagerdeployment/certmanagerdeployment_controller.go:1070.4,1070.12 1 0
github.com/komish/cmd-operator-dev/controllers/certmanagerdeployment/certmanagerdeployment_controller.go:1065.56,1067.5 1 0
github.com/komish/cmd-operator-dev/controllers/certmanagerdeployment/certmanagerdeployment_controller.go:1071.9,1071.24 1 0
github.com/komish/cmd-operator-dev/controllers/certmanagerdeployment/certmanagerdeployment_controller.go:1071.24,1074.4 1 0
github.com/komish/cmd-operator-dev/controllers/certmanagerdeployment/certmanagerdeployment_controller.go:1078.17,1081.4 1 0
github.com/komish/cmd-operator-dev/controllers/certmanagerdeployment/certmanagerdeployment_controller.go:1083.17,1086.4 1 0
github.com/komish/cmd-operator-dev/controllers/certmanagerdeployment/certmanagerdeployment_controller.go:1089.17,1092.4 1 0
github.com/komish/cmd-operator-dev/controllers/certmanagerdeployment/certmanagerdeployment_controller.go:1094.17,1097.4 1 0
github.com/komish/cmd-operator-dev/controllers/certmanagerdeployment/certmanagerdeployment_controller.go:1100.17,1102.4 1 0
github.com/komish/cmd-operator-dev/controllers/certmanagerdeployment/certmanagerdeployment_controller.go:1105.17,1108.4 1 0
github.com/komish/cmd-operator-dev/controllers/certmanagerdeployment/certmanagerdeployment_controller.go:1116.53,1127.22 4 0
github.com/komish/cmd-operator-dev/controllers/certmanagerdeployment/certmanagerdeployment_controller.go:1132.4,1132.20 1 0
github.com/komish/cmd-operator-dev/controllers/certmanagerdeployment/certmanagerdeployment_controller.go:1137.4,1137.20 1 0
github.com/komish/cmd-operator-dev/controllers/certmanagerdeployment/certmanagerdeployment_controller.go:1142.4,1143.60 2 0
github.com/komish/cmd-operator-dev/controllers/certmanagerdeployment/certmanagerdeployment_controller.go:1148.4,1148.137 1 0
github.com/komish/cmd-operator-dev/controllers/certmanagerdeployment/certmanagerdeployment_controller.go:1127.22,1130.5 1 0
github.com/komish/cmd-operator-dev/controllers/certmanagerdeployment/certmanagerdeployment_controller.go:1132.20,1135.5 1 0
github.com/komish/cmd-operator-dev/controllers/certmanagerdeployment/certmanagerdeployment_controller.go:1137.20,1140.5 1 0
github.com/komish/cmd-operator-dev/controllers/certmanagerdeployment/certmanagerdeployment_controller.go:1143.60,1146.5 1 0
github.com/komish/cmd-operator-dev/controllers/certmanagerdeployment/certmanagerdeployment_controller.go:1158.137,1166.16 5 0
github.com/komish/cmd-operator-dev/controllers/certmanagerdeployment/certmanagerdeployment_controller.go:1172.2,1172.27 1 0
github.com/komish/cmd-operator-dev/controllers/certmanagerdeployment/certmanagerdeployment_controller.go:1274.2,1274.12 1 0
github.com/komish/cmd-operator-dev/controllers/certmanagerdeployment/certmanagerdeployment_controller.go:1166.16,1170.3 2 0
github.com/komish/cmd-operator-dev/controllers/certmanagerdeployment/certmanagerdeployment_controller.go:1172.27,1175.43 3 0
github.com/komish/cmd-operator-dev/controllers/certmanagerdeployment/certmanagerdeployment_controller.go:1194.3,1195.17 2 0
github.com/komish/cmd-operator-dev/controllers/certmanagerdeployment/certmanagerdeployment_controller.go:1199.3,1200.17 2 0
github.com/komish/cmd-operator-dev/controllers/certmanagerdeployment/certmanagerdeployment_controller.go:1205.3,1206.17 2 0
github.com/komish/cmd-operator-dev/controllers/certmanagerdeployment/certmanagerdeployment_controller.go:1210.3,1211.17 2 0
github.com/komish/cmd-operator-dev/controllers/certmanagerdeployment/certmanagerdeployment_controller.go:1216.3,1217.17 2 0
github.com/komish/cmd-operator-dev/controllers/certmanagerdeployment/certmanagerdeployment_controller.go:1221.3,1222.17 2 0
github.com/komish/cmd-operator-dev/controllers/certmanagerdeployment/certmanagerdeployment_controller.go:1228.3,1233.50 4 0
github.com/komish/cmd-operator-dev/controllers/certmanagerdeployment/certmanagerdeployment_controller.go:1175.43,1179.56 3 0
github.com/komish/cmd-operator-dev/controllers/certmanagerdeployment/certmanagerdeployment_controller.go:1184.4,1184.12 1 0
github.com/komish/cmd-operator-dev/controllers/certmanagerdeployment/certmanagerdeployment_controller.go:1179.56,1181.5 1 0
github.com/komish/cmd-operator-dev/controllers/certmanagerdeployment/certmanagerdeployment_controller.go:1185.9,1185.24 1 0
github.com/komish/cmd-operator-dev/controllers/certmanagerdeployment/certmanagerdeployment_controller.go:1185.24,1188.4 1 0
github.com/komish/cmd-operator-dev/controllers/certmanagerdeployment/certmanagerdeployment_controller.go:1195.17,1198.4 1 0
github.com/komish/cmd-operator-dev/controllers/certmanagerdeployment/certmanagerdeployment_controller.go:1200.17,1203.4 1 0
github.com/komish/cmd-operator-dev/controllers/certmanagerdeployment/certmanagerdeployment_controller.go:1206.17,1209.4 1 0
github.com/komish/cmd-operator-dev/controllers/certmanagerdeployment/certmanagerdeployment_controller.go:1211.17,1214.4 1 0
github.com/komish/cmd-operator-dev/controllers/certmanagerdeployment/certmanagerdeployment_controller.go:1217.17,1220.4 1 0
github.com/komish/cmd-operator-dev/controllers/certmanagerdeployment/certmanagerdeployment_controller.go:1222.17,1225.4 1 0
github.com/komish/cmd-operator-dev/controllers/certmanagerdeployment/certmanagerdeployment_controller.go:1233.50,1244.19 4 0
github.com/komish/cmd-operator-dev/controllers/certmanagerdeployment/certmanagerdeployment_controller.go:1254.4,1254.20 1 0
github.com/komish/cmd-operator-dev/controllers/certmanagerdeployment/certmanagerdeployment_controller.go:1259.4,1259.20 1 0
github.com/komish/cmd-operator-dev/controllers/certmanagerdeployment/certmanagerdeployment_controller.go:1264.4,1265.60 2 0
github.com/komish/cmd-operator-dev/controllers/certmanagerdeployment/certmanagerdeployment_controller.go:1270.4,1270.125 1 0
github.com/komish/cmd-operator-dev/controllers/certmanagerdeployment/certmanagerdeployment_controller.go:1244.19,1252.5 1 0
github.com/komish/cmd-operator-dev/controllers/certmanagerdeployment/certmanagerdeployment_controller.go:1254.20,1257.5 1 0
github.com/komish/cmd-operator-dev/controllers/certmanagerdeployment/certmanagerdeployment_controller.go:1259.20,1262.5 1 0
github.com/komish/cmd-operator-dev/controllers/certmanagerdeployment/certmanagerdeployment_controller.go:1265.60,1268.5 1 0
github.com/komish/cmd-operator-dev/controllers/certmanagerdeployment/certmanagerdeployment_controller.go:1278.139,1296.63 12 0
github.com/komish/cmd-operator-dev/controllers/certmanagerdeployment/certmanagerdeployment_controller.go:1301.2,1301.12 1 0
github.com/komish/cmd-operator-dev/controllers/certmanagerdeployment/certmanagerdeployment_controller.go:1296.63,1299.3 2 0
github.com/komish/cmd-operator-dev/controllers/certmanagerdeployment/deployments.go:33.64,35.61 2 0
github.com/komish/cmd-operator-dev/controllers/certmanagerdeployment/deployments.go:44.2,44.16 1 0
github.com/komish/cmd-operator-dev/controllers/certmanagerdeployment/deployments.go:35.61,42.3 2 0
github.com/komish/cmd-operator-dev/controllers/certmanagerdeployment/deployments.go:49.118,54.61 3 0
github.com/komish/cmd-operator-dev/controllers/certmanagerdeployment/deployments.go:60.2,60.133 1 0
github.com/komish/cmd-operator-dev/controllers/certmanagerdeployment/deployments.go:70.2,70.11 1 0
github.com/komish/cmd-operator-dev/controllers/certmanagerdeployment/deployments.go:54.61,57.3 1 0
github.com/komish/cmd-operator-dev/controllers/certmanagerdeployment/deployments.go:60.133,62.3 1 0
github.com/komish/cmd-operator-dev/controllers/certmanagerdeployment/deployments.go:62.8,68.3 1 0
github.com/komish/cmd-operator-dev/controllers/certmanagerdeployment/deployments.go:75.153,98.31 8 0
github.com/komish/cmd-operator-dev/controllers/certmanagerdeployment/deployments.go:105.2,119.16 5 0
github.com/komish/cmd-operator-dev/controllers/certmanagerdeployment/deployments.go:125.2,127.15 2 0
github.com/komish/cmd-operator-dev/controllers/certmanagerdeployment/deployments.go:98.31,102.3 1 0
github.com/komish/cmd-operator-dev/controllers/certmanagerdeployment/deployments.go:119.16,123.3 1 0
github.com/komish/cmd-operator-dev/controllers/certmanagerdeployment/deployments.go:132.81,135.2 2 0
github.com/komish/cmd-operator-dev/controllers/certmanagerdeployment/deployments.go:138.85,141.2 2 0
github.com/komish/cmd-operator-dev/controllers/certmanagerdeployment/deployments.go:144.62,161.28 7 0
github.com/komish/cmd-operator-dev/controllers/certmanagerdeployment/deployments.go:178.2,178.13 1 0
github.com/komish/cmd-operator-dev/controllers/certmanagerdeployment/deployments.go:161.28,162.24 1 0
github.com/komish/cmd-operator-dev/controllers/certmanagerdeployment/deployments.go:163.30,164.53 1 0
github.com/komish/cmd-operator-dev/controllers/certmanagerdeployment/deployments.go:165.22,168.24 2 0
github.com/komish/cmd-operator-dev/controllers/certmanagerdeployment/deployments.go:171.4,172.55 2 0
github.com/komish/cmd-operator-dev/controllers/certmanagerdeployment/deployments.go:173.11,173.11 0 0
github.com/komish/cmd-operator-dev/controllers/certmanagerdeployment/deployments.go:168.24,170.5 1 0
github.com/komish/cmd-operator-dev/controllers/certmanagerdeployment/namespace.go:11.59,18.2 1 0
